<?xml version="1.0" encoding="UTF-8"?>
<testng-results skipped="0" failed="0" ignored="0" total="3" passed="3">
  <reporter-output>
  </reporter-output>
  <suite name="Suite" duration-ms="53" started-at="2021-03-28T11:37:12 IST" finished-at="2021-03-28T11:37:12 IST">
    <groups>
      <group name="regression">
        <method signature="CreateLeadTest.createLead()[pri:0, instance:pacgittest.CreateLeadTest@56aac163]" name="createLead" class="pacgittest.CreateLeadTest"/>
        <method signature="CreateProductTest.createProduct()[pri:0, instance:pacgittest.CreateProductTest@184f6be2]" name="createProduct" class="pacgittest.CreateProductTest"/>
      </group> <!-- regression -->
      <group name="smoke">
        <method signature="CreateContactTest.createContat()[pri:0, instance:pacgittest.CreateContactTest@1f7030a6]" name="createContat" class="pacgittest.CreateContactTest"/>
        <method signature="CreateLeadTest.createLead()[pri:0, instance:pacgittest.CreateLeadTest@56aac163]" name="createLead" class="pacgittest.CreateLeadTest"/>
      </group> <!-- smoke -->
    </groups>
    <test name="Test" duration-ms="53" started-at="2021-03-28T11:37:12 IST" finished-at="2021-03-28T11:37:12 IST">
      <class name="pacgittest.CreateProductTest">
        <test-method status="PASS" signature="createProduct()[pri:0, instance:pacgittest.CreateProductTest@184f6be2]" name="createProduct" duration-ms="6" started-at="2021-03-28T11:37:12 IST" finished-at="2021-03-28T11:37:12 IST">
          <reporter-output>
          </reporter-output>
        </test-method> <!-- createProduct -->
      </class> <!-- pacgittest.CreateProductTest -->
      <class name="pacgittest.CreateLeadTest">
        <test-method status="PASS" signature="createLead()[pri:0, instance:pacgittest.CreateLeadTest@56aac163]" name="createLead" duration-ms="1" started-at="2021-03-28T11:37:12 IST" finished-at="2021-03-28T11:37:12 IST">
          <reporter-output>
          </reporter-output>
        </test-method> <!-- createLead -->
      </class> <!-- pacgittest.CreateLeadTest -->
      <class name="pacgittest.CreateContactTest">
        <test-method status="PASS" signature="createContat()[pri:0, instance:pacgittest.CreateContactTest@1f7030a6]" name="createContat" duration-ms="0" started-at="2021-03-28T11:37:12 IST" finished-at="2021-03-28T11:37:12 IST">
          <reporter-output>
          </reporter-output>
        </test-method> <!-- createContat -->
      </class> <!-- pacgittest.CreateContactTest -->
    </test> <!-- Test -->
  </suite> <!-- Suite -->
</testng-results>
