<?xml version="1.0" encoding="UTF-8"?>
<!-- Generated by org.testng.reporters.JUnitXMLReporter -->
<testsuite hostname="LAPTOP-U3C8G3RJ" ignored="0" name="Test" tests="3" failures="0" timestamp="2021-03-28T11:37:12 IST" time="0.053" errors="0">
  <testcase name="createProduct" time="0.006" classname="pacgittest.CreateProductTest"/>
  <testcase name="createLead" time="0.001" classname="pacgittest.CreateLeadTest"/>
  <testcase name="createContat" time="0.0" classname="pacgittest.CreateContactTest"/>
</testsuite> <!-- Test -->
